=== Image optimisations ===
Reduce width of animations\bat\bat-big.png by 14 pixels to 16 to improve blit performance by 200.00%
Reduce width of animations\bat\bat-big2.png by 13 pixels to 16 to improve blit performance by 200.00%
Reduce width of animations\bat\bat-big3.png by 14 pixels to 16 to improve blit performance by 200.00%
Reduce width of animations\bat\bat_in_5.png by 1 pixels to 16 to reduce sprites by 1
Reduce width of animations\bat\bat_in_6.png by 3 pixels to 16 to reduce sprites by 1
Reduce width of animations\bat\bat_in_7.png by 6 pixels to 16 to reduce sprites by 1
Reduce width of animations\bat\bat_in_8.png by 11 pixels to 16 to reduce sprites by 1
Reduce width of animations\player\monkeylad_punch.png by 8 pixels to 16 to improve blit performance by 200.00%
Reduce width of animations\player\monkeylad_punch.png by 8 pixels to 16 to improve blit performance by 200.00%
Reduce width of animations\player\monkeylad_punch.png by 8 pixels to 16 to improve blit performance by 200.00%
Reduce width of animations\player\monkeylad_punch.png by 8 pixels to 16 to improve blit performance by 200.00%
Reduce width of animations\player\monkeylad_swim_idle.png by 8 pixels to 16 to improve blit performance by 200.00%
Reduce width of animations\player\monkeylad_swim_idle.png by 8 pixels to 16 to improve blit performance by 200.00%
Reduce width of animations\player\monkeylad_swim_1.png by 8 pixels to 16 to improve blit performance by 200.00%
Reduce width of animations\player\monkeylad_swim_1.png by 8 pixels to 16 to reduce sprites by 2
Reduce width of animations\player\monkeylad_swim_2.png by 8 pixels to 16 to improve blit performance by 200.00%
Reduce width of animations\player\monkeylad_swim_2.png by 8 pixels to 16 to reduce sprites by 2
Reduce width of animations\player\monkeylad_swim_1.png by 8 pixels to 16 to improve blit performance by 200.00%
Reduce width of animations\player\monkeylad_swim_1.png by 8 pixels to 16 to reduce sprites by 2
Reduce width of animations\player\monkeylad_swim_2.png by 8 pixels to 16 to improve blit performance by 200.00%
Reduce width of animations\player\monkeylad_swim_2.png by 8 pixels to 16 to reduce sprites by 2
Reduce width of animations\sun\sun-big.png by 12 pixels to 16 to reduce sprites by 1
Reduce width of animations\sun\sun-big2.png by 14 pixels to 16 to reduce sprites by 1

=== Estimated memory usages ===

For chip:
Map gfx (Panel: scorpion_eng_splashscreen): 35934
Music memory (dor_castle_00121): 81676
BP Buffer memory: 78624
core sfx/gfx memory: 25692
Parallax memory: 0

For other:
Map cache memory: 2532
Map header cache memory: 2532
Map data memory: 25344
Map background memory: 2672
EXE memory: 203164
vm memory: 12374
project memory: 7116

Accounted memory chip: 221926
Accounted memory other: 255734
Accounted memory total: 477660

=== Misc ===
Maps and Asset Bundles Count: 2
Maps and Asset Bundles Data Size: 24
Actor Count: 13
Actor Data Size: 2444
Block Count: 9
Block Data Size: 468
Anim5 Count: 0
Anim5 Data Size: 0
Sound Count: 1
Sound Data Size: 24
Teleporter Count: 1
Teleporter Data Size: 8
Animations Count: 30
Animations Data Size: 480
AnimationFrame Count: 52
AnimationFrame Data Size: 832
ImageFrames: 55
ImageFrame Data Size: 2420
Sprites: 20
Sprites Data Size: 280
Attack Data: 1
Attack Data Size: 66
Misc data size: 44
Asset bundle 0 (Core project asset bundle) Original size 25692 Crunched size 10710
Asset bundle 1 (level1) Original size 23424 Crunched size 8152
Background for map level1 Original size 2672 Crunched size 92
Music file dor_castle_00121 Original size 81676 Crunched size 49446
Tile data for map level1 (mem restrictions:None) Original size 25344 Crunched size 2532
Header data for map level1 Original size 7996 Crunched size 286
Project Data Original size 7116 Crunched size 2144
Project Header Original size 4032 Crunched size 1194
Panel scorpion_eng_splashscreen Original size 35934 Crunched size 3268
Panel scorepanel Original size 4582 Crunched size 474
Project virtual machine (codeblocks) Original size 12374 Crunched size 3874
Project virtual machine redirects Original size 4 Crunched size 4

=== Possibly unused animations ===
alexkidd_punch_jump_r
alexkidd_punch_jump_l
alexkidd_punch_r
alexkidd_punch_l
alexkidd_swim_attack_r
alexkidd_swim_attack_l
alexkidd_swim_idle_r
alexkidd_swim_idle_l
alexkidd_swim_r
alexkidd_swim_l
ghost_anim

=== Possibly unused Actors ===
player

=== Codeblocks by compiled size ===
load_level: 920
player_handler: 848
spawn_walls: 686
level_handler: 676
spawn_clouds: 592
set_yresolution: 448 (Unused?)
fn_setvine: 408
do_teleport: 392
flipscreen_smooth: 346 (Unused?)
player_collide: 336
startup: 330
flipxymove: 306 (Unused?)
pause: 252
bat_in_handler: 250
refresh_time: 210
pre_startup: 194
bat_in_spawn: 192
snap_to_screen: 190 (Unused?)
cloud_handler: 188
flipymove: 174 (Unused?)
goal: 174
rock_handler: 168
flipxmove: 158
load_panel: 146
pre_quit: 146
destroy_all_blocks: 124 (Unused?)
pre_load_level: 118
unload_level: 114
giant_kill: 114
load_panel_bottom: 96
load_panel_top: 96 (Unused?)
waitforfireup: 94
unload_panel: 92
wrap_screen_bottom: 92 (Unused?)
wrap_screen_right: 92 (Unused?)
waitforfiredown: 90
AUTOGEN_OUTOFSCREEN_destroy_actor_destroy_actor_None_None: 90
AUTOGEN_OUTOFSCREEN_flipxmove_flipxmove_None_None: 90
bat_kill: 90
wrap_screen_left: 88 (Unused?)
wrap_screen_top: 88 (Unused?)
flipscreen: 86 (Unused?)
pre_anim5: 86 (Unused?)
waitforfirehit: 86
fadeout: 84
wall_handler: 84
waitforframes: 78
quit: 66 (Unused?)
destroy_all_actors: 62 (Unused?)
jump_actor: 62 (Unused?)
load_music: 62
unload_panel_bottom: 62
unload_panel_top: 62
AUTOGEN_OUTOFSCREEN_None_None_None_destroy_actor: 62
fadein: 58
load_panel_finish: 56
destroy_actor: 54
regenerate_screen: 52
return: 52 (Unused?)
destroy_block: 48 (Unused?)
regenerate_screen_wait: 42
any_bats_exist: 38
vm_registers: 26 (Unused?)
vm_constants: 26 (Unused?)
debug_breakpoint: 26 (Unused?)
vm_constants_controlbits: 26 (Unused?)
vm_constants_notes: 26 (Unused?)
vm_constants_tile_properties: 26 (Unused?)
vm_constants_platform: 26 (Unused?)
savedata: 26 (Unused?)
